{"level":"INFO","message":"[2:02:40.282 PM]: Creating new connection object"}
{"level":"INFO","message":"[2:02:40.296 PM]: Creating Connection[id: e248da83-f8c1-4953-8e3e-b0382bdf3fdc] with host: keysight.snowflakecomputing.com, account: keysight, accessUrl: https://keysight.snowflakecomputing.com, user: INFOLINE, role: undefined, database: PRODUCTION, schema: SALESFORCE_BASE_TABLES, warehouse: BI_WH, proxy was not configured, password is provided, region: undefined, authenticator: SNOWFLAKE, ocsp mode: FAIL_OPEN, os: win32, os version: 10.0.22631"}
{"level":"INFO","message":"[2:02:40.296 PM]: Connection[id: e248da83-f8c1-4953-8e3e-b0382bdf3fdc] additional details: passcode in password is provided, passcode is not provided, private key is not provided, application: undefined, client name: snowflake-sdk, client version: 2.1.0, retry timeout: 300, private key path: undefined, private key pass is not provided, client store temporary credential: false, browser response timeout: 120000"}
{"level":"INFO","message":"[2:02:40.297 PM]: Connection[id: e248da83-f8c1-4953-8e3e-b0382bdf3fdc] - connection object created successfully."}
{"level":"INFO","message":"[2:02:40.297 PM]: Connection[id: e248da83-f8c1-4953-8e3e-b0382bdf3fdc] - connecting. Associated Snowflake domain: GLOBAL"}
{"level":"INFO","message":"[2:02:40.299 PM]: Connection[id: e248da83-f8c1-4953-8e3e-b0382bdf3fdc] - authentication successful using: SNOWFLAKE"}
{"level":"INFO","message":"[2:02:40.300 PM]: Trying to initialize Easy Logging"}
{"level":"INFO","message":"[2:02:40.302 PM]: No client config detected."}
{"level":"INFO","message":"[2:02:40.303 PM]: No config file path found. Client config will not be used."}
{"level":"INFO","message":"[2:02:40.303 PM]: Easy Logging is disabled as no config has been found"}
{"level":"INFO","message":"[2:02:40.307 PM]: Connection[id: e248da83-f8c1-4953-8e3e-b0382bdf3fdc] - connected successfully after 9.306699999999978 milliseconds"}
{"level":"INFO","message":"[4:57:40.756 PM]: Creating new connection object"}
{"level":"INFO","message":"[4:57:40.776 PM]: Creating Connection[id: 3af408bb-609d-4c73-bc67-eb6037ddcf2b] with host: keysight.snowflakecomputing.com, account: keysight, accessUrl: https://keysight.snowflakecomputing.com, user: INFOLINE, role: undefined, database: PRODUCTION, schema: SALESFORCE_BASE_TABLES, warehouse: BI_WH, proxy was not configured, password is provided, region: undefined, authenticator: SNOWFLAKE, ocsp mode: FAIL_OPEN, os: win32, os version: 10.0.22631"}
{"level":"INFO","message":"[4:57:40.776 PM]: Connection[id: 3af408bb-609d-4c73-bc67-eb6037ddcf2b] additional details: passcode in password is provided, passcode is not provided, private key is not provided, application: undefined, client name: snowflake-sdk, client version: 2.3.1, retry timeout: 300, private key path: undefined, private key pass is not provided, client store temporary credential: false, browser response timeout: 120000"}
{"level":"INFO","message":"[4:57:40.777 PM]: Connection[id: 3af408bb-609d-4c73-bc67-eb6037ddcf2b] - connection object created successfully."}
{"level":"INFO","message":"[4:57:40.777 PM]: Connection[id: 3af408bb-609d-4c73-bc67-eb6037ddcf2b] - connecting. Associated Snowflake domain: GLOBAL"}
{"level":"INFO","message":"[4:57:40.778 PM]: Connection[id: 3af408bb-609d-4c73-bc67-eb6037ddcf2b] - authentication successful using: SNOWFLAKE"}
{"level":"INFO","message":"[4:57:40.778 PM]: Trying to initialize Easy Logging"}
{"level":"INFO","message":"[4:57:40.787 PM]: No client config detected."}
{"level":"INFO","message":"[4:57:40.788 PM]: No config file path found. Client config will not be used."}
{"level":"INFO","message":"[4:57:40.789 PM]: Easy Logging is disabled as no config has been found"}
{"level":"INFO","message":"[4:57:40.792 PM]: Connection[id: 3af408bb-609d-4c73-bc67-eb6037ddcf2b] - connected successfully after 15.26 milliseconds"}
{"level":"INFO","message":"[4:58:39.679 PM]: Creating new connection object"}
{"level":"INFO","message":"[4:58:39.692 PM]: Creating Connection[id: 2754e7d9-2b10-4219-b4fa-c6460939428e] with host: keysight.snowflakecomputing.com, account: keysight, accessUrl: https://keysight.snowflakecomputing.com, user: INFOLINE, role: undefined, database: PRODUCTION, schema: SALESFORCE_BASE_TABLES, warehouse: BI_WH, proxy was not configured, password is provided, region: undefined, authenticator: SNOWFLAKE, ocsp mode: FAIL_OPEN, os: win32, os version: 10.0.22631"}
{"level":"INFO","message":"[4:58:39.693 PM]: Connection[id: 2754e7d9-2b10-4219-b4fa-c6460939428e] additional details: passcode in password is provided, passcode is not provided, private key is not provided, application: undefined, client name: snowflake-sdk, client version: 2.3.1, retry timeout: 300, private key path: undefined, private key pass is not provided, client store temporary credential: false, browser response timeout: 120000"}
{"level":"INFO","message":"[4:58:39.693 PM]: Connection[id: 2754e7d9-2b10-4219-b4fa-c6460939428e] - connection object created successfully."}
{"level":"INFO","message":"[4:58:39.694 PM]: Connection[id: 2754e7d9-2b10-4219-b4fa-c6460939428e] - connecting. Associated Snowflake domain: GLOBAL"}
{"level":"INFO","message":"[4:58:39.694 PM]: Connection[id: 2754e7d9-2b10-4219-b4fa-c6460939428e] - authentication successful using: SNOWFLAKE"}
{"level":"INFO","message":"[4:58:39.695 PM]: Trying to initialize Easy Logging"}
{"level":"INFO","message":"[4:58:39.700 PM]: No client config detected."}
{"level":"INFO","message":"[4:58:39.700 PM]: No config file path found. Client config will not be used."}
{"level":"INFO","message":"[4:58:39.701 PM]: Easy Logging is disabled as no config has been found"}
{"level":"INFO","message":"[4:58:39.704 PM]: Connection[id: 2754e7d9-2b10-4219-b4fa-c6460939428e] - connected successfully after 10.06 milliseconds"}
{"level":"INFO","message":"[4:59:29.596 PM]: Creating new connection object"}
{"level":"INFO","message":"[4:59:29.609 PM]: Creating Connection[id: 35097e4c-8231-4565-82f3-7c2d2640bdec] with host: keysight.snowflakecomputing.com, account: keysight, accessUrl: https://keysight.snowflakecomputing.com, user: INFOLINE, role: undefined, database: PRODUCTION, schema: SALESFORCE_BASE_TABLES, warehouse: BI_WH, proxy was not configured, password is provided, region: undefined, authenticator: SNOWFLAKE, ocsp mode: FAIL_OPEN, os: win32, os version: 10.0.22631"}
{"level":"INFO","message":"[4:59:29.609 PM]: Connection[id: 35097e4c-8231-4565-82f3-7c2d2640bdec] additional details: passcode in password is provided, passcode is not provided, private key is not provided, application: undefined, client name: snowflake-sdk, client version: 2.3.1, retry timeout: 300, private key path: undefined, private key pass is not provided, client store temporary credential: false, browser response timeout: 120000"}
{"level":"INFO","message":"[4:59:29.610 PM]: Connection[id: 35097e4c-8231-4565-82f3-7c2d2640bdec] - connection object created successfully."}
{"level":"INFO","message":"[4:59:29.610 PM]: Connection[id: 35097e4c-8231-4565-82f3-7c2d2640bdec] - connecting. Associated Snowflake domain: GLOBAL"}
{"level":"INFO","message":"[4:59:29.611 PM]: Connection[id: 35097e4c-8231-4565-82f3-7c2d2640bdec] - authentication successful using: SNOWFLAKE"}
{"level":"INFO","message":"[4:59:29.611 PM]: Trying to initialize Easy Logging"}
{"level":"INFO","message":"[4:59:29.616 PM]: No client config detected."}
{"level":"INFO","message":"[4:59:29.617 PM]: No config file path found. Client config will not be used."}
{"level":"INFO","message":"[4:59:29.617 PM]: Easy Logging is disabled as no config has been found"}
{"level":"INFO","message":"[4:59:29.620 PM]: Connection[id: 35097e4c-8231-4565-82f3-7c2d2640bdec] - connected successfully after 10.1 milliseconds"}
